# JRE version: Java(TM) SE Runtime Environment (17.0.9+11) (build 17.0.9+11-LTS-201)
# Java VM: Java HotSpot(TM) 64-Bit Server VM (17.0.9+11-LTS-201, mixed mode, sharing, tiered, compressed oops, compressed class ptrs, g1 gc, windows-amd64)
GC Precious Log:
 CPUs: 16 total, 16 available
 Memory: 15628M
 Large Page Support: Disabled
 NUMA Support: Disabled
 Compressed Oops: Enabled (Zero based)
 Heap Region Size: 2M
 Heap Min Capacity: 8M
 Heap Initial Capacity: 246M
 Heap Max Capacity: 3908M
 Pre-touch: Disabled
 Parallel Workers: 13
 Concurrent Workers: 3
 Concurrent Refinement Workers: 13
 Periodic GC: Disabled
Heap:
 garbage-first heap   total 251904K, used 61631K [0x00000004dd200000, 0x00000005d1600000)
  region size 2048K, 30 young (61440K), 2 survivors (4096K)
 Metaspace       used 16031K, committed 16256K, reserved 1114112K
  class space    used 1685K, committed 1792K, reserved 1048576K
GC Heap History (6 events):
Event: 0.746 GC heap before
{Heap before GC invocations=0 (full 0):
 garbage-first heap   total 251904K, used 22528K [0x00000004dd200000, 0x00000005d1600000)
  region size 2048K, 11 young (22528K), 0 survivors (0K)
 Metaspace       used 9660K, committed 9856K, reserved 1114112K
  class space    used 1063K, committed 1152K, reserved 1048576K
}
Event: 0.750 GC heap after
{Heap after GC invocations=1 (full 0):
 garbage-first heap   total 251904K, used 3795K [0x00000004dd200000, 0x00000005d1600000)
  region size 2048K, 2 young (4096K), 2 survivors (4096K)
 Metaspace       used 9660K, committed 9856K, reserved 1114112K
  class space    used 1063K, committed 1152K, reserved 1048576K
}
Event: 180.882 GC heap before
{Heap before GC invocations=1 (full 0):
 garbage-first heap   total 251904K, used 34515K [0x00000004dd200000, 0x00000005d1600000)
  region size 2048K, 17 young (34816K), 2 survivors (4096K)
 Metaspace       used 15029K, committed 15232K, reserved 1114112K
  class space    used 1681K, committed 1792K, reserved 1048576K
}
Event: 180.887 GC heap after
{Heap after GC invocations=2 (full 0):
 garbage-first heap   total 251904K, used 6268K [0x00000004dd200000, 0x00000005d1600000)
  region size 2048K, 2 young (4096K), 2 survivors (4096K)
 Metaspace       used 15029K, committed 15232K, reserved 1114112K
  class space    used 1681K, committed 1792K, reserved 1048576K
}
Event: 1946.271 GC heap before
{Heap before GC invocations=2 (full 0):
 garbage-first heap   total 251904K, used 151676K [0x00000004dd200000, 0x00000005d1600000)
  region size 2048K, 73 young (149504K), 2 survivors (4096K)
 Metaspace       used 16004K, committed 16192K, reserved 1114112K
  class space    used 1685K, committed 1792K, reserved 1048576K
}
Event: 1946.279 GC heap after
{Heap after GC invocations=3 (full 0):
 garbage-first heap   total 251904K, used 6335K [0x00000004dd200000, 0x00000005d1600000)
  region size 2048K, 2 young (4096K), 2 survivors (4096K)
 Metaspace       used 16004K, committed 16192K, reserved 1114112K
  class space    used 1685K, committed 1792K, reserved 1048576K
}

